liveness/build/intermediates/aapt_proguard_file/release/aapt_rules.txt
# Generated by the gradle plugin
-keep class ai.advance.liveness.lib.LivenessView { <init>(...); }
-keep class android.support.constraint.ConstraintLayout { <init>(...); }
-keep class android.support.constraint.Guideline { <init>(...); }
-keep class com.ipi.liveness.sdk.activity.LivenessActivity { <init>(...); }