liveness/build/outputs/mapping/release/seeds.txt
com.ipi.liveness.R$attr: int listPreferredItemHeight
com.ipi.liveness.R$attr: int backgroundSplit
com.ipi.liveness.R$attr: int panelMenuListTheme
com.ipi.liveness.R$styleable: int AppCompatTheme_actionModeCloseDrawable
com.ipi.liveness.R$style: int Base_V28_Theme_AppCompat_Light
com.ipi.liveness.R$styleable: int DrawerArrowToggle_drawableSize
com.ipi.liveness.R$attr: int layout_constraintLeft_toLeftOf
com.ipi.liveness.R$style: int Base_TextAppearance_AppCompat_Body2
com.ipi.liveness.R$styleable: int FontFamilyFont_ttcIndex
com.ipi.liveness.R$style: int Theme_AppCompat_DayNight
com.ipi.liveness.R$attr: int alertDialogTheme
com.ipi.liveness.R$style: int Platform_Widget_AppCompat_Spinner
com.ipi.liveness.R$styleable: int[] FontFamily
com.ipi.liveness.R$styleable: int Spinner_android_dropDownWidth
com.ipi.liveness.R$drawable: int abc_ic_star_black_16dp
com.ipi.liveness.R$styleable: int MenuItem_actionProviderClass
com.ipi.liveness.R$style: int Widget_AppCompat_Light_ListView_DropDown
com.ipi.liveness.R$styleable: int[] GradientColor
com.ipi.liveness.R$attr: int layout_editor_absoluteY
com.ipi.liveness.R$anim: int abc_grow_fade_in_from_bottom
com.ipi.liveness.R$attr: int buttonIconDimen
com.ipi.liveness.R$style: int Base_TextAppearance_AppCompat_Caption
com.ipi.liveness.R$style: int RtlOverlay_Widget_AppCompat_PopupMenuItem_InternalGroup
com.ipi.liveness.R$drawable: int abc_cab_background_top_mtrl_alpha
com.ipi.liveness.R$layout: int abc_search_dropdown_item_icons_2line
com.ipi.liveness.R$styleable: int ConstraintSet_android_scaleX
com.ipi.liveness.R$string: int liveness_mouse
com.ipi.liveness.R$string: int liveness_weak_light
com.ipi.liveness.R$attr: int alertDialogStyle
com.ipi.liveness.R$style: int TextAppearance_AppCompat_Button
com.ipi.liveness.R$style: int Widget_AppCompat_ActionBar_Solid
com.ipi.liveness.R$styleable: int AppCompatTextView_android_textAppearance
com.ipi.liveness.R$styleable: int AppCompatTheme_actionModeFindDrawable
com.ipi.liveness.R$style: int Widget_AppCompat_Light_Spinner_DropDown_ActionBar
com.ipi.liveness.R$color: int liveness_camera_bg_light
com.ipi.liveness.R$layout: int notification_template_part_time
com.ipi.liveness.R$attr: int dividerPadding
com.ipi.liveness.R$id: int activity_chooser_view_content
com.ipi.liveness.R$style: int Widget_AppCompat_CompoundButton_RadioButton
com.ipi.liveness.R$style: int Base_TextAppearance_AppCompat_Widget_PopupMenu_Large
com.ipi.liveness.R$styleable: int AppCompatTextView_autoSizeTextType
com.ipi.liveness.R$attr: int tickMarkTintMode
com.ipi.liveness.R$attr: int autoSizeStepGranularity
com.ipi.liveness.R$dimen: int abc_action_button_min_height_material
com.ipi.liveness.R$styleable: int Toolbar_maxButtonHeight
com.ipi.liveness.R$dimen: int abc_control_corner_material
com.ipi.liveness.R$styleable: int ConstraintLayout_placeholder_content
com.ipi.liveness.R$styleable: int AppCompatTheme_colorButtonNormal
com.ipi.liveness.R$style: int RtlUnderlay_Widget_AppCompat_ActionButton_Overflow
com.ipi.liveness.R$style: int TextAppearance_AppCompat_Large_Inverse
com.ipi.liveness.R$styleable: int SwitchCompat_thumbTint
com.ipi.liveness.R$attr: int layout
com.ipi.liveness.R$attr: int fontVariationSettings
com.ipi.liveness.R$styleable: int ConstraintLayout_Layout_layout_goneMarginStart
com.ipi.liveness.R$color: int liveness_camera_bg
com.ipi.liveness.R$dimen: int notification_big_circle_margin
com.ipi.liveness.R$string: int liveness_failed_reason_multipleface
com.ipi.liveness.R$style: int Base_TextAppearance_AppCompat_Widget_ActionMode_Title
com.ipi.liveness.R$style: int TextAppearance_Widget_AppCompat_Toolbar_Title
com.ipi.liveness.R$layout: int abc_cascading_menu_item_layout
com.ipi.liveness.R$style: int Theme_AppCompat_Light_DialogWhenLarge
com.ipi.liveness.R$dimen: int liveness_160
com.ipi.liveness.R$id: int src_over
com.ipi.liveness.R$integer: int cancel_button_image_alpha
com.ipi.liveness.R$id: int end
com.ipi.liveness.R$attr: int selectableItemBackgroundBorderless